<?xml version="1.0" encoding="UTF-8"?>
<!-- Generated by org.testng.reporters.JUnitReportReporter -->
<testsuite hostname="DESKTOP-KC87NCN" failures="0" tests="6" name="com.juaracoding.healthcare.runners.RunnerTest" time="65.061" errors="0" timestamp="2025-08-25T12:20:09 WIB" skipped="0">
  <testcase classname="com.juaracoding.healthcare.runners.RunnerTest" name="runScenario" time="12.023"/>
  <testcase classname="com.juaracoding.healthcare.runners.RunnerTest" name="runScenario" time="10.224"/>
  <testcase classname="com.juaracoding.healthcare.runners.RunnerTest" name="runScenario" time="10.693"/>
  <testcase classname="com.juaracoding.healthcare.runners.RunnerTest" name="runScenario" time="10.691"/>
  <testcase classname="com.juaracoding.healthcare.runners.RunnerTest" name="runScenario" time="10.504"/>
  <testcase classname="com.juaracoding.healthcare.runners.RunnerTest" name="runScenario" time="10.926"/>
</testsuite> <!-- com.juaracoding.healthcare.runners.RunnerTest -->
